# JRE version: 7.0_17-b02
# Java VM: Java HotSpot(TM) 64-Bit Server VM (23.7-b01 mixed mode windows-amd64 compressed oops)
Heap
 PSYoungGen      total 37376K, used 28462K [0x00000000eaab0000, 0x00000000ef3b0000, 0x0000000100000000)
  eden space 32064K, 72% used [0x00000000eaab0000,0x00000000ec14f098,0x00000000eca00000)
  from space 5312K, 99% used [0x00000000ecf30000,0x00000000ed45cab8,0x00000000ed460000)
  to   space 5312K, 0% used [0x00000000eca00000,0x00000000eca00000,0x00000000ecf30000)
 ParOldGen       total 85504K, used 6134K [0x00000000c0000000, 0x00000000c5380000, 0x00000000eaab0000)
  object space 85504K, 7% used [0x00000000c0000000,0x00000000c05fd900,0x00000000c5380000)
 PSPermGen       total 21248K, used 5999K [0x00000000bae00000, 0x00000000bc2c0000, 0x00000000c0000000)
  object space 21248K, 28% used [0x00000000bae00000,0x00000000bb3dbe80,0x00000000bc2c0000)
GC Heap History (4 events):
Event: 1.933 GC heap before
{Heap before GC invocations=1 (full 0):
 PSYoungGen      total 37376K, used 32064K [0x00000000eaab0000, 0x00000000ed460000, 0x0000000100000000)
  eden space 32064K, 100% used [0x00000000eaab0000,0x00000000eca00000,0x00000000eca00000)
  from space 5312K, 0% used [0x00000000ecf30000,0x00000000ecf30000,0x00000000ed460000)
  to   space 5312K, 0% used [0x00000000eca00000,0x00000000eca00000,0x00000000ecf30000)
 ParOldGen       total 85504K, used 0K [0x00000000c0000000, 0x00000000c5380000, 0x00000000eaab0000)
  object space 85504K, 0% used [0x00000000c0000000,0x00000000c0000000,0x00000000c5380000)
 PSPermGen       total 21248K, used 5891K [0x00000000bae00000, 0x00000000bc2c0000, 0x00000000c0000000)
  object space 21248K, 27% used [0x00000000bae00000,0x00000000bb3c0c98,0x00000000bc2c0000)
Event: 1.943 GC heap after
Heap after GC invocations=1 (full 0):
 PSYoungGen      total 37376K, used 5308K [0x00000000eaab0000, 0x00000000ed460000, 0x0000000100000000)
  eden space 32064K, 0% used [0x00000000eaab0000,0x00000000eaab0000,0x00000000eca00000)
  from space 5312K, 99% used [0x00000000eca00000,0x00000000ecf2f208,0x00000000ecf30000)
  to   space 5312K, 0% used [0x00000000ecf30000,0x00000000ecf30000,0x00000000ed460000)
 ParOldGen       total 85504K, used 1426K [0x00000000c0000000, 0x00000000c5380000, 0x00000000eaab0000)
  object space 85504K, 1% used [0x00000000c0000000,0x00000000c0164b00,0x00000000c5380000)
 PSPermGen       total 21248K, used 5891K [0x00000000bae00000, 0x00000000bc2c0000, 0x00000000c0000000)
  object space 21248K, 27% used [0x00000000bae00000,0x00000000bb3c0c98,0x00000000bc2c0000)
}
Event: 3.142 GC heap before
{Heap before GC invocations=2 (full 0):
 PSYoungGen      total 37376K, used 37372K [0x00000000eaab0000, 0x00000000ed460000, 0x0000000100000000)
  eden space 32064K, 100% used [0x00000000eaab0000,0x00000000eca00000,0x00000000eca00000)
  from space 5312K, 99% used [0x00000000eca00000,0x00000000ecf2f208,0x00000000ecf30000)
  to   space 5312K, 0% used [0x00000000ecf30000,0x00000000ecf30000,0x00000000ed460000)
 ParOldGen       total 85504K, used 1426K [0x00000000c0000000, 0x00000000c5380000, 0x00000000eaab0000)
  object space 85504K, 1% used [0x00000000c0000000,0x00000000c0164b00,0x00000000c5380000)
 PSPermGen       total 21248K, used 5961K [0x00000000bae00000, 0x00000000bc2c0000, 0x00000000c0000000)
  object space 21248K, 28% used [0x00000000bae00000,0x00000000bb3d2460,0x00000000bc2c0000)
Event: 3.289 GC heap after
Heap after GC invocations=2 (full 0):
 PSYoungGen      total 37376K, used 5298K [0x00000000eaab0000, 0x00000000ef3b0000, 0x0000000100000000)
  eden space 32064K, 0% used [0x00000000eaab0000,0x00000000eaab0000,0x00000000eca00000)
  from space 5312K, 99% used [0x00000000ecf30000,0x00000000ed45cab8,0x00000000ed460000)
  to   space 5312K, 0% used [0x00000000eca00000,0x00000000eca00000,0x00000000ecf30000)
 ParOldGen       total 85504K, used 6134K [0x00000000c0000000, 0x00000000c5380000, 0x00000000eaab0000)
  object space 85504K, 7% used [0x00000000c0000000,0x00000000c05fd900,0x00000000c5380000)
 PSPermGen       total 21248K, used 5961K [0x00000000bae00000, 0x00000000bc2c0000, 0x00000000c0000000)
  object space 21248K, 28% used [0x00000000bae00000,0x00000000bb3d2460,0x00000000bc2c0000)
}

