# JRE version: 7.0_17-b02
# Java VM: Java HotSpot(TM) 64-Bit Server VM (23.7-b01 mixed mode windows-amd64 compressed oops)
Heap
 PSYoungGen      total 144320K, used 92009K [0x00000000eaab0000, 0x00000000f7c00000, 0x0000000100000000)
  eden space 127552K, 59% used [0x00000000eaab0000,0x00000000ef43a720,0x00000000f2740000)
  from space 16768K, 99% used [0x00000000f2740000,0x00000000f3790000,0x00000000f37a0000)
  to   space 31744K, 0% used [0x00000000f5d00000,0x00000000f5d00000,0x00000000f7c00000)
 ParOldGen       total 144896K, used 74327K [0x00000000c0000000, 0x00000000c8d80000, 0x00000000eaab0000)
  object space 144896K, 51% used [0x00000000c0000000,0x00000000c4895ef0,0x00000000c8d80000)
 PSPermGen       total 21248K, used 6138K [0x00000000bae00000, 0x00000000bc2c0000, 0x00000000c0000000)
  object space 21248K, 28% used [0x00000000bae00000,0x00000000bb3fea18,0x00000000bc2c0000)
GC Heap History (10 events):
Event: 5.230 GC heap before
{Heap before GC invocations=6 (full 0):
 PSYoungGen      total 69440K, used 69415K [0x00000000eaab0000, 0x00000000f4750000, 0x0000000100000000)
  eden space 64128K, 100% used [0x00000000eaab0000,0x00000000ee950000,0x00000000ee950000)
  from space 5312K, 99% used [0x00000000ee950000,0x00000000eee79c40,0x00000000eee80000)
  to   space 16064K, 0% used [0x00000000f37a0000,0x00000000f37a0000,0x00000000f4750000)
 ParOldGen       total 85504K, used 37513K [0x00000000c0000000, 0x00000000c5380000, 0x00000000eaab0000)
  object space 85504K, 43% used [0x00000000c0000000,0x00000000c24a2758,0x00000000c5380000)
 PSPermGen       total 21248K, used 6044K [0x00000000bae00000, 0x00000000bc2c0000, 0x00000000c0000000)
  object space 21248K, 28% used [0x00000000bae00000,0x00000000bb3e7310,0x00000000bc2c0000)
Event: 5.256 GC heap after
Heap after GC invocations=6 (full 0):
 PSYoungGen      total 143616K, used 14953K [0x00000000eaab0000, 0x00000000f48b0000, 0x0000000100000000)
  eden space 127552K, 0% used [0x00000000eaab0000,0x00000000eaab0000,0x00000000f2740000)
  from space 16064K, 93% used [0x00000000f37a0000,0x00000000f463a558,0x00000000f4750000)
  to   space 16768K, 0% used [0x00000000f2740000,0x00000000f2740000,0x00000000f37a0000)
 ParOldGen       total 85504K, used 37513K [0x00000000c0000000, 0x00000000c5380000, 0x00000000eaab0000)
  object space 85504K, 43% used [0x00000000c0000000,0x00000000c24a2758,0x00000000c5380000)
 PSPermGen       total 21248K, used 6044K [0x00000000bae00000, 0x00000000bc2c0000, 0x00000000c0000000)
  object space 21248K, 28% used [0x00000000bae00000,0x00000000bb3e7310,0x00000000bc2c0000)
}
Event: 6.465 GC heap before
{Heap before GC invocations=7 (full 0):
 PSYoungGen      total 143616K, used 142505K [0x00000000eaab0000, 0x00000000f48b0000, 0x0000000100000000)
  eden space 127552K, 100% used [0x00000000eaab0000,0x00000000f2740000,0x00000000f2740000)
  from space 16064K, 93% used [0x00000000f37a0000,0x00000000f463a558,0x00000000f4750000)
  to   space 16768K, 0% used [0x00000000f2740000,0x00000000f2740000,0x00000000f37a0000)
 ParOldGen       total 85504K, used 37513K [0x00000000c0000000, 0x00000000c5380000, 0x00000000eaab0000)
  object space 85504K, 43% used [0x00000000c0000000,0x00000000c24a2758,0x00000000c5380000)
 PSPermGen       total 21248K, used 6077K [0x00000000bae00000, 0x00000000bc2c0000, 0x00000000c0000000)
  object space 21248K, 28% used [0x00000000bae00000,0x00000000bb3ef608,0x00000000bc2c0000)
Event: 6.734 GC heap after
Heap after GC invocations=7 (full 0):
 PSYoungGen      total 144320K, used 16736K [0x00000000eaab0000, 0x00000000f48b0000, 0x0000000100000000)
  eden space 127552K, 0% used [0x00000000eaab0000,0x00000000eaab0000,0x00000000f2740000)
  from space 16768K, 99% used [0x00000000f2740000,0x00000000f3798388,0x00000000f37a0000)
  to   space 16064K, 0% used [0x00000000f37a0000,0x00000000f37a0000,0x00000000f4750000)
 ParOldGen       total 85504K, used 53569K [0x00000000c0000000, 0x00000000c5380000, 0x00000000eaab0000)
  object space 85504K, 62% used [0x00000000c0000000,0x00000000c34507c8,0x00000000c5380000)
 PSPermGen       total 21248K, used 6077K [0x00000000bae00000, 0x00000000bc2c0000, 0x00000000c0000000)
  object space 21248K, 28% used [0x00000000bae00000,0x00000000bb3ef608,0x00000000bc2c0000)
}
Event: 7.857 GC heap before
{Heap before GC invocations=8 (full 0):
 PSYoungGen      total 144320K, used 144288K [0x00000000eaab0000, 0x00000000f48b0000, 0x0000000100000000)
  eden space 127552K, 100% used [0x00000000eaab0000,0x00000000f2740000,0x00000000f2740000)
  from space 16768K, 99% used [0x00000000f2740000,0x00000000f3798388,0x00000000f37a0000)
  to   space 16064K, 0% used [0x00000000f37a0000,0x00000000f37a0000,0x00000000f4750000)
 ParOldGen       total 85504K, used 53569K [0x00000000c0000000, 0x00000000c5380000, 0x00000000eaab0000)
  object space 85504K, 62% used [0x00000000c0000000,0x00000000c34507c8,0x00000000c5380000)
 PSPermGen       total 21248K, used 6129K [0x00000000bae00000, 0x00000000bc2c0000, 0x00000000c0000000)
  object space 21248K, 28% used [0x00000000bae00000,0x00000000bb3fc748,0x00000000bc2c0000)
Event: 8.031 GC heap after
Heap after GC invocations=8 (full 0):
 PSYoungGen      total 143616K, used 16045K [0x00000000eaab0000, 0x00000000f48b0000, 0x0000000100000000)
  eden space 127552K, 0% used [0x00000000eaab0000,0x00000000eaab0000,0x00000000f2740000)
  from space 16064K, 99% used [0x00000000f37a0000,0x00000000f474b678,0x00000000f4750000)
  to   space 16768K, 0% used [0x00000000f2740000,0x00000000f2740000,0x00000000f37a0000)
 ParOldGen       total 85504K, used 72206K [0x00000000c0000000, 0x00000000c5380000, 0x00000000eaab0000)
  object space 85504K, 84% used [0x00000000c0000000,0x00000000c4683978,0x00000000c5380000)
 PSPermGen       total 21248K, used 6129K [0x00000000bae00000, 0x00000000bc2c0000, 0x00000000c0000000)
  object space 21248K, 28% used [0x00000000bae00000,0x00000000bb3fc748,0x00000000bc2c0000)
}
Event: 8.031 GC heap before
{Heap before GC invocations=9 (full 1):
 PSYoungGen      total 143616K, used 16045K [0x00000000eaab0000, 0x00000000f48b0000, 0x0000000100000000)
  eden space 127552K, 0% used [0x00000000eaab0000,0x00000000eaab0000,0x00000000f2740000)
  from space 16064K, 99% used [0x00000000f37a0000,0x00000000f474b678,0x00000000f4750000)
  to   space 16768K, 0% used [0x00000000f2740000,0x00000000f2740000,0x00000000f37a0000)
 ParOldGen       total 85504K, used 72206K [0x00000000c0000000, 0x00000000c5380000, 0x00000000eaab0000)
  object space 85504K, 84% used [0x00000000c0000000,0x00000000c4683978,0x00000000c5380000)
 PSPermGen       total 21248K, used 6129K [0x00000000bae00000, 0x00000000bc2c0000, 0x00000000c0000000)
  object space 21248K, 28% used [0x00000000bae00000,0x00000000bb3fc748,0x00000000bc2c0000)
Event: 9.914 GC heap after
Heap after GC invocations=9 (full 1):
 PSYoungGen      total 143616K, used 0K [0x00000000eaab0000, 0x00000000f48b0000, 0x0000000100000000)
  eden space 127552K, 0% used [0x00000000eaab0000,0x00000000eaab0000,0x00000000f2740000)
  from space 16064K, 0% used [0x00000000f37a0000,0x00000000f37a0000,0x00000000f4750000)
  to   space 16768K, 0% used [0x00000000f2740000,0x00000000f2740000,0x00000000f37a0000)
 ParOldGen       total 144896K, used 74319K [0x00000000c0000000, 0x00000000c8d80000, 0x00000000eaab0000)
  object space 144896K, 51% used [0x00000000c0000000,0x00000000c4893ef0,0x00000000c8d80000)
 PSPermGen       total 21248K, used 6123K [0x00000000bae00000, 0x00000000bc2c0000, 0x00000000c0000000)
  object space 21248K, 28% used [0x00000000bae00000,0x00000000bb3fad58,0x00000000bc2c0000)
}
Event: 10.139 GC heap before
{Heap before GC invocations=10 (full 1):
 PSYoungGen      total 143616K, used 127552K [0x00000000eaab0000, 0x00000000f48b0000, 0x0000000100000000)
  eden space 127552K, 100% used [0x00000000eaab0000,0x00000000f2740000,0x00000000f2740000)
  from space 16064K, 0% used [0x00000000f37a0000,0x00000000f37a0000,0x00000000f4750000)
  to   space 16768K, 0% used [0x00000000f2740000,0x00000000f2740000,0x00000000f37a0000)
 ParOldGen       total 144896K, used 74319K [0x00000000c0000000, 0x00000000c8d80000, 0x00000000eaab0000)
  object space 144896K, 51% used [0x00000000c0000000,0x00000000c4893ef0,0x00000000c8d80000)
 PSPermGen       total 21248K, used 6133K [0x00000000bae00000, 0x00000000bc2c0000, 0x00000000c0000000)
  object space 21248K, 28% used [0x00000000bae00000,0x00000000bb3fd400,0x00000000bc2c0000)
Event: 10.156 GC heap after
Heap after GC invocations=10 (full 1):
 PSYoungGen      total 144320K, used 16704K [0x00000000eaab0000, 0x00000000f7c00000, 0x0000000100000000)
  eden space 127552K, 0% used [0x00000000eaab0000,0x00000000eaab0000,0x00000000f2740000)
  from space 16768K, 99% used [0x00000000f2740000,0x00000000f3790000,0x00000000f37a0000)
  to   space 31744K, 0% used [0x00000000f5d00000,0x00000000f5d00000,0x00000000f7c00000)
 ParOldGen       total 144896K, used 74327K [0x00000000c0000000, 0x00000000c8d80000, 0x00000000eaab0000)
  object space 144896K, 51% used [0x00000000c0000000,0x00000000c4895ef0,0x00000000c8d80000)
 PSPermGen       total 21248K, used 6133K [0x00000000bae00000, 0x00000000bc2c0000, 0x00000000c0000000)
  object space 21248K, 28% used [0x00000000bae00000,0x00000000bb3fd400,0x00000000bc2c0000)
}

