# JRE version: 7.0_17-b02
# Java VM: Java HotSpot(TM) 64-Bit Server VM (23.7-b01 mixed mode windows-amd64 compressed oops)
Heap
 PSYoungGen      total 69440K, used 67151K [0x00000000eaab0000, 0x00000000ef3b0000, 0x0000000100000000)
  eden space 64128K, 96% used [0x00000000eaab0000,0x00000000ee719be0,0x00000000ee950000)
  from space 5312K, 99% used [0x00000000ee950000,0x00000000eee7a020,0x00000000eee80000)
  to   space 5312K, 0% used [0x00000000eee80000,0x00000000eee80000,0x00000000ef3b0000)
 ParOldGen       total 85504K, used 14267K [0x00000000c0000000, 0x00000000c5380000, 0x00000000eaab0000)
  object space 85504K, 16% used [0x00000000c0000000,0x00000000c0deefd0,0x00000000c5380000)
 PSPermGen       total 30848K, used 30774K [0x00000000b0000000, 0x00000000b1e20000, 0x00000000c0000000)
  object space 30848K, 99% used [0x00000000b0000000,0x00000000b1e0dbe0,0x00000000b1e20000)
GC Heap History (10 events):
Event: 1.020 GC heap before
{Heap before GC invocations=1 (full 0):
 PSYoungGen      total 37376K, used 32064K [0x00000000eaab0000, 0x00000000ed460000, 0x0000000100000000)
  eden space 32064K, 100% used [0x00000000eaab0000,0x00000000eca00000,0x00000000eca00000)
  from space 5312K, 0% used [0x00000000ecf30000,0x00000000ecf30000,0x00000000ed460000)
  to   space 5312K, 0% used [0x00000000eca00000,0x00000000eca00000,0x00000000ecf30000)
 ParOldGen       total 85504K, used 0K [0x00000000c0000000, 0x00000000c5380000, 0x00000000eaab0000)
  object space 85504K, 0% used [0x00000000c0000000,0x00000000c0000000,0x00000000c5380000)
 PSPermGen       total 21248K, used 8500K [0x00000000b0000000, 0x00000000b14c0000, 0x00000000c0000000)
  object space 21248K, 40% used [0x00000000b0000000,0x00000000b084d118,0x00000000b14c0000)
Event: 1.029 GC heap after
Heap after GC invocations=1 (full 0):
 PSYoungGen      total 37376K, used 5288K [0x00000000eaab0000, 0x00000000ed460000, 0x0000000100000000)
  eden space 32064K, 0% used [0x00000000eaab0000,0x00000000eaab0000,0x00000000eca00000)
  from space 5312K, 99% used [0x00000000eca00000,0x00000000ecf2a140,0x00000000ecf30000)
  to   space 5312K, 0% used [0x00000000ecf30000,0x00000000ecf30000,0x00000000ed460000)
 ParOldGen       total 85504K, used 64K [0x00000000c0000000, 0x00000000c5380000, 0x00000000eaab0000)
  object space 85504K, 0% used [0x00000000c0000000,0x00000000c0010368,0x00000000c5380000)
 PSPermGen       total 21248K, used 8500K [0x00000000b0000000, 0x00000000b14c0000, 0x00000000c0000000)
  object space 21248K, 40% used [0x00000000b0000000,0x00000000b084d118,0x00000000b14c0000)
}
Event: 1.869 GC heap before
{Heap before GC invocations=2 (full 0):
 PSYoungGen      total 37376K, used 37352K [0x00000000eaab0000, 0x00000000ed460000, 0x0000000100000000)
  eden space 32064K, 100% used [0x00000000eaab0000,0x00000000eca00000,0x00000000eca00000)
  from space 5312K, 99% used [0x00000000eca00000,0x00000000ecf2a140,0x00000000ecf30000)
  to   space 5312K, 0% used [0x00000000ecf30000,0x00000000ecf30000,0x00000000ed460000)
 ParOldGen       total 85504K, used 64K [0x00000000c0000000, 0x00000000c5380000, 0x00000000eaab0000)
  object space 85504K, 0% used [0x00000000c0000000,0x00000000c0010368,0x00000000c5380000)
 PSPermGen       total 21248K, used 14985K [0x00000000b0000000, 0x00000000b14c0000, 0x00000000c0000000)
  object space 21248K, 70% used [0x00000000b0000000,0x00000000b0ea25f8,0x00000000b14c0000)
Event: 1.879 GC heap after
Heap after GC invocations=2 (full 0):
 PSYoungGen      total 37376K, used 5302K [0x00000000eaab0000, 0x00000000ef3b0000, 0x0000000100000000)
  eden space 32064K, 0% used [0x00000000eaab0000,0x00000000eaab0000,0x00000000eca00000)
  from space 5312K, 99% used [0x00000000ecf30000,0x00000000ed45d8f8,0x00000000ed460000)
  to   space 5312K, 0% used [0x00000000eca00000,0x00000000eca00000,0x00000000ecf30000)
 ParOldGen       total 85504K, used 2308K [0x00000000c0000000, 0x00000000c5380000, 0x00000000eaab0000)
  object space 85504K, 2% used [0x00000000c0000000,0x00000000c0241018,0x00000000c5380000)
 PSPermGen       total 21248K, used 14985K [0x00000000b0000000, 0x00000000b14c0000, 0x00000000c0000000)
  object space 21248K, 70% used [0x00000000b0000000,0x00000000b0ea25f8,0x00000000b14c0000)
}
Event: 2.659 GC heap before
{Heap before GC invocations=3 (full 0):
 PSYoungGen      total 37376K, used 37366K [0x00000000eaab0000, 0x00000000ef3b0000, 0x0000000100000000)
  eden space 32064K, 100% used [0x00000000eaab0000,0x00000000eca00000,0x00000000eca00000)
  from space 5312K, 99% used [0x00000000ecf30000,0x00000000ed45d8f8,0x00000000ed460000)
  to   space 5312K, 0% used [0x00000000eca00000,0x00000000eca00000,0x00000000ecf30000)
 ParOldGen       total 85504K, used 2308K [0x00000000c0000000, 0x00000000c5380000, 0x00000000eaab0000)
  object space 85504K, 2% used [0x00000000c0000000,0x00000000c0241018,0x00000000c5380000)
 PSPermGen       total 21248K, used 18587K [0x00000000b0000000, 0x00000000b14c0000, 0x00000000c0000000)
  object space 21248K, 87% used [0x00000000b0000000,0x00000000b1226f60,0x00000000b14c0000)
Event: 2.670 GC heap after
Heap after GC invocations=3 (full 0):
 PSYoungGen      total 37376K, used 5286K [0x00000000eaab0000, 0x00000000ef3b0000, 0x0000000100000000)
  eden space 32064K, 0% used [0x00000000eaab0000,0x00000000eaab0000,0x00000000eca00000)
  from space 5312K, 99% used [0x00000000eca00000,0x00000000ecf29b90,0x00000000ecf30000)
  to   space 5312K, 0% used [0x00000000eee80000,0x00000000eee80000,0x00000000ef3b0000)
 ParOldGen       total 85504K, used 5234K [0x00000000c0000000, 0x00000000c5380000, 0x00000000eaab0000)
  object space 85504K, 6% used [0x00000000c0000000,0x00000000c051c9d0,0x00000000c5380000)
 PSPermGen       total 21248K, used 18587K [0x00000000b0000000, 0x00000000b14c0000, 0x00000000c0000000)
  object space 21248K, 87% used [0x00000000b0000000,0x00000000b1226f60,0x00000000b14c0000)
}
Event: 3.378 GC heap before
{Heap before GC invocations=4 (full 0):
 PSYoungGen      total 37376K, used 37350K [0x00000000eaab0000, 0x00000000ef3b0000, 0x0000000100000000)
  eden space 32064K, 100% used [0x00000000eaab0000,0x00000000eca00000,0x00000000eca00000)
  from space 5312K, 99% used [0x00000000eca00000,0x00000000ecf29b90,0x00000000ecf30000)
  to   space 5312K, 0% used [0x00000000eee80000,0x00000000eee80000,0x00000000ef3b0000)
 ParOldGen       total 85504K, used 5234K [0x00000000c0000000, 0x00000000c5380000, 0x00000000eaab0000)
  object space 85504K, 6% used [0x00000000c0000000,0x00000000c051c9d0,0x00000000c5380000)
 PSPermGen       total 21248K, used 21135K [0x00000000b0000000, 0x00000000b14c0000, 0x00000000c0000000)
  object space 21248K, 99% used [0x00000000b0000000,0x00000000b14a3fd8,0x00000000b14c0000)
Event: 3.394 GC heap after
Heap after GC invocations=4 (full 0):
 PSYoungGen      total 69440K, used 5304K [0x00000000eaab0000, 0x00000000ef3b0000, 0x0000000100000000)
  eden space 64128K, 0% used [0x00000000eaab0000,0x00000000eaab0000,0x00000000ee950000)
  from space 5312K, 99% used [0x00000000eee80000,0x00000000ef3ae050,0x00000000ef3b0000)
  to   space 5312K, 0% used [0x00000000ee950000,0x00000000ee950000,0x00000000eee80000)
 ParOldGen       total 85504K, used 9585K [0x00000000c0000000, 0x00000000c5380000, 0x00000000eaab0000)
  object space 85504K, 11% used [0x00000000c0000000,0x00000000c095c688,0x00000000c5380000)
 PSPermGen       total 21248K, used 21135K [0x00000000b0000000, 0x00000000b14c0000, 0x00000000c0000000)
  object space 21248K, 99% used [0x00000000b0000000,0x00000000b14a3fd8,0x00000000b14c0000)
}
Event: 4.742 GC heap before
{Heap before GC invocations=5 (full 0):
 PSYoungGen      total 69440K, used 69432K [0x00000000eaab0000, 0x00000000ef3b0000, 0x0000000100000000)
  eden space 64128K, 100% used [0x00000000eaab0000,0x00000000ee950000,0x00000000ee950000)
  from space 5312K, 99% used [0x00000000eee80000,0x00000000ef3ae050,0x00000000ef3b0000)
  to   space 5312K, 0% used [0x00000000ee950000,0x00000000ee950000,0x00000000eee80000)
 ParOldGen       total 85504K, used 9585K [0x00000000c0000000, 0x00000000c5380000, 0x00000000eaab0000)
  object space 85504K, 11% used [0x00000000c0000000,0x00000000c095c688,0x00000000c5380000)
 PSPermGen       total 25472K, used 25433K [0x00000000b0000000, 0x00000000b18e0000, 0x00000000c0000000)
  object space 25472K, 99% used [0x00000000b0000000,0x00000000b18d64c8,0x00000000b18e0000)
Event: 4.762 GC heap after
Heap after GC invocations=5 (full 0):
 PSYoungGen      total 69440K, used 5288K [0x00000000eaab0000, 0x00000000ef3b0000, 0x0000000100000000)
  eden space 64128K, 0% used [0x00000000eaab0000,0x00000000eaab0000,0x00000000ee950000)
  from space 5312K, 99% used [0x00000000ee950000,0x00000000eee7a020,0x00000000eee80000)
  to   space 5312K, 0% used [0x00000000eee80000,0x00000000eee80000,0x00000000ef3b0000)
 ParOldGen       total 85504K, used 14267K [0x00000000c0000000, 0x00000000c5380000, 0x00000000eaab0000)
  object space 85504K, 16% used [0x00000000c0000000,0x00000000c0deefd0,0x00000000c5380000)
 PSPermGen       total 25472K, used 25433K [0x00000000b0000000, 0x00000000b18e0000, 0x00000000c0000000)
  object space 25472K, 99% used [0x00000000b0000000,0x00000000b18d64c8,0x00000000b18e0000)
}

