# JRE version: 7.0_17-b02
# Java VM: Java HotSpot(TM) 64-Bit Server VM (23.7-b01 mixed mode windows-amd64 compressed oops)
Heap
 PSYoungGen      total 336128K, used 186243K [0x00000000eaab0000, 0x0000000100000000, 0x0000000100000000)
  eden space 322752K, 57% used [0x00000000eaab0000,0x00000000f6090c28,0x00000000fe5e0000)
  from space 13376K, 0% used [0x00000000fe5e0000,0x00000000fe5e0000,0x00000000ff2f0000)
  to   space 13376K, 0% used [0x00000000ff2f0000,0x00000000ff2f0000,0x0000000100000000)
 ParOldGen       total 90688K, used 48315K [0x00000000c0000000, 0x00000000c5890000, 0x00000000eaab0000)
  object space 90688K, 53% used [0x00000000c0000000,0x00000000c2f2efc0,0x00000000c5890000)
 PSPermGen       total 106880K, used 55051K [0x00000000b0000000, 0x00000000b6860000, 0x00000000c0000000)
  object space 106880K, 51% used [0x00000000b0000000,0x00000000b35c2f80,0x00000000b6860000)
GC Heap History (10 events):
Event: 6.327 GC heap before
{Heap before GC invocations=9 (full 0):
 PSYoungGen      total 260352K, used 257559K [0x00000000eaab0000, 0x00000000fb1b0000, 0x0000000100000000)
  eden space 251584K, 100% used [0x00000000eaab0000,0x00000000fa060000,0x00000000fa060000)
  from space 8768K, 68% used [0x00000000fa900000,0x00000000faed5fd8,0x00000000fb190000)
  to   space 8832K, 0% used [0x00000000fa060000,0x00000000fa060000,0x00000000fa900000)
 ParOldGen       total 41792K, used 16433K [0x00000000c0000000, 0x00000000c28d0000, 0x00000000eaab0000)
  object space 41792K, 39% used [0x00000000c0000000,0x00000000c100c618,0x00000000c28d0000)
 PSPermGen       total 25280K, used 25103K [0x00000000b0000000, 0x00000000b18b0000, 0x00000000c0000000)
  object space 25280K, 99% used [0x00000000b0000000,0x00000000b1883e90,0x00000000b18b0000)
Event: 6.337 GC heap after
Heap after GC invocations=9 (full 0):
 PSYoungGen      total 260416K, used 8564K [0x00000000eaab0000, 0x0000000100000000, 0x0000000100000000)
  eden space 251584K, 0% used [0x00000000eaab0000,0x00000000eaab0000,0x00000000fa060000)
  from space 8832K, 96% used [0x00000000fa060000,0x00000000fa8bd1f0,0x00000000fa900000)
  to   space 9920K, 0% used [0x00000000ff650000,0x00000000ff650000,0x0000000100000000)
 ParOldGen       total 41792K, used 17235K [0x00000000c0000000, 0x00000000c28d0000, 0x00000000eaab0000)
  object space 41792K, 41% used [0x00000000c0000000,0x00000000c10d4f60,0x00000000c28d0000)
 PSPermGen       total 25280K, used 25103K [0x00000000b0000000, 0x00000000b18b0000, 0x00000000c0000000)
  object space 25280K, 99% used [0x00000000b0000000,0x00000000b1883e90,0x00000000b18b0000)
}
Event: 8.856 GC heap before
{Heap before GC invocations=10 (full 0):
 PSYoungGen      total 260416K, used 260148K [0x00000000eaab0000, 0x0000000100000000, 0x0000000100000000)
  eden space 251584K, 100% used [0x00000000eaab0000,0x00000000fa060000,0x00000000fa060000)
  from space 8832K, 96% used [0x00000000fa060000,0x00000000fa8bd1f0,0x00000000fa900000)
  to   space 9920K, 0% used [0x00000000ff650000,0x00000000ff650000,0x0000000100000000)
 ParOldGen       total 41792K, used 17235K [0x00000000c0000000, 0x00000000c28d0000, 0x00000000eaab0000)
  object space 41792K, 41% used [0x00000000c0000000,0x00000000c10d4f60,0x00000000c28d0000)
 PSPermGen       total 31232K, used 31084K [0x00000000b0000000, 0x00000000b1e80000, 0x00000000c0000000)
  object space 31232K, 99% used [0x00000000b0000000,0x00000000b1e5b1d8,0x00000000b1e80000)
Event: 8.871 GC heap after
Heap after GC invocations=10 (full 0):
 PSYoungGen      total 332672K, used 9899K [0x00000000eaab0000, 0x0000000100000000, 0x0000000100000000)
  eden space 322752K, 0% used [0x00000000eaab0000,0x00000000eaab0000,0x00000000fe5e0000)
  from space 9920K, 99% used [0x00000000ff650000,0x00000000ffffadd8,0x0000000100000000)
  to   space 13376K, 0% used [0x00000000fe5e0000,0x00000000fe5e0000,0x00000000ff2f0000)
 ParOldGen       total 41792K, used 23236K [0x00000000c0000000, 0x00000000c28d0000, 0x00000000eaab0000)
  object space 41792K, 55% used [0x00000000c0000000,0x00000000c16b1388,0x00000000c28d0000)
 PSPermGen       total 31232K, used 31084K [0x00000000b0000000, 0x00000000b1e80000, 0x00000000c0000000)
  object space 31232K, 99% used [0x00000000b0000000,0x00000000b1e5b1d8,0x00000000b1e80000)
}
Event: 12.829 GC heap before
{Heap before GC invocations=11 (full 0):
 PSYoungGen      total 332672K, used 265150K [0x00000000eaab0000, 0x0000000100000000, 0x0000000100000000)
  eden space 322752K, 79% used [0x00000000eaab0000,0x00000000fa3f4d90,0x00000000fe5e0000)
  from space 9920K, 99% used [0x00000000ff650000,0x00000000ffffadd8,0x0000000100000000)
  to   space 13376K, 0% used [0x00000000fe5e0000,0x00000000fe5e0000,0x00000000ff2f0000)
 ParOldGen       total 41792K, used 23236K [0x00000000c0000000, 0x00000000c28d0000, 0x00000000eaab0000)
  object space 41792K, 55% used [0x00000000c0000000,0x00000000c16b1388,0x00000000c28d0000)
 PSPermGen       total 43712K, used 43623K [0x00000000b0000000, 0x00000000b2ab0000, 0x00000000c0000000)
  object space 43712K, 99% used [0x00000000b0000000,0x00000000b2a99d50,0x00000000b2ab0000)
Event: 12.872 GC heap after
Heap after GC invocations=11 (full 0):
 PSYoungGen      total 336128K, used 13375K [0x00000000eaab0000, 0x0000000100000000, 0x0000000100000000)
  eden space 322752K, 0% used [0x00000000eaab0000,0x00000000eaab0000,0x00000000fe5e0000)
  from space 13376K, 99% used [0x00000000fe5e0000,0x00000000ff2eff30,0x00000000ff2f0000)
  to   space 13376K, 0% used [0x00000000ff2f0000,0x00000000ff2f0000,0x0000000100000000)
 ParOldGen       total 48320K, used 48228K [0x00000000c0000000, 0x00000000c2f30000, 0x00000000eaab0000)
  object space 48320K, 99% used [0x00000000c0000000,0x00000000c2f19378,0x00000000c2f30000)
 PSPermGen       total 43712K, used 43623K [0x00000000b0000000, 0x00000000b2ab0000, 0x00000000c0000000)
  object space 43712K, 99% used [0x00000000b0000000,0x00000000b2a99d50,0x00000000b2ab0000)
}
Event: 12.872 GC heap before
{Heap before GC invocations=12 (full 1):
 PSYoungGen      total 336128K, used 13375K [0x00000000eaab0000, 0x0000000100000000, 0x0000000100000000)
  eden space 322752K, 0% used [0x00000000eaab0000,0x00000000eaab0000,0x00000000fe5e0000)
  from space 13376K, 99% used [0x00000000fe5e0000,0x00000000ff2eff30,0x00000000ff2f0000)
  to   space 13376K, 0% used [0x00000000ff2f0000,0x00000000ff2f0000,0x0000000100000000)
 ParOldGen       total 48320K, used 48228K [0x00000000c0000000, 0x00000000c2f30000, 0x00000000eaab0000)
  object space 48320K, 99% used [0x00000000c0000000,0x00000000c2f19378,0x00000000c2f30000)
 PSPermGen       total 43712K, used 43623K [0x00000000b0000000, 0x00000000b2ab0000, 0x00000000c0000000)
  object space 43712K, 99% used [0x00000000b0000000,0x00000000b2a99d50,0x00000000b2ab0000)
Event: 13.250 GC heap after
Heap after GC invocations=12 (full 1):
 PSYoungGen      total 336128K, used 2039K [0x00000000eaab0000, 0x0000000100000000, 0x0000000100000000)
  eden space 322752K, 0% used [0x00000000eaab0000,0x00000000eaab0000,0x00000000fe5e0000)
  from space 13376K, 15% used [0x00000000fe5e0000,0x00000000fe7dddc0,0x00000000ff2f0000)
  to   space 13376K, 0% used [0x00000000ff2f0000,0x00000000ff2f0000,0x0000000100000000)
 ParOldGen       total 48320K, used 48316K [0x00000000c0000000, 0x00000000c2f30000, 0x00000000eaab0000)
  object space 48320K, 99% used [0x00000000c0000000,0x00000000c2f2f200,0x00000000c2f30000)
 PSPermGen       total 87360K, used 43439K [0x00000000b0000000, 0x00000000b5550000, 0x00000000c0000000)
  object space 87360K, 49% used [0x00000000b0000000,0x00000000b2a6bd98,0x00000000b5550000)
}
Event: 21.358 GC heap before
{Heap before GC invocations=13 (full 2):
 PSYoungGen      total 336128K, used 324791K [0x00000000eaab0000, 0x0000000100000000, 0x0000000100000000)
  eden space 322752K, 100% used [0x00000000eaab0000,0x00000000fe5e0000,0x00000000fe5e0000)
  from space 13376K, 15% used [0x00000000fe5e0000,0x00000000fe7dddc0,0x00000000ff2f0000)
  to   space 13376K, 0% used [0x00000000ff2f0000,0x00000000ff2f0000,0x0000000100000000)
 ParOldGen       total 48320K, used 48316K [0x00000000c0000000, 0x00000000c2f30000, 0x00000000eaab0000)
  object space 48320K, 99% used [0x00000000c0000000,0x00000000c2f2f200,0x00000000c2f30000)
 PSPermGen       total 87360K, used 54949K [0x00000000b0000000, 0x00000000b5550000, 0x00000000c0000000)
  object space 87360K, 62% used [0x00000000b0000000,0x00000000b35a95c0,0x00000000b5550000)
Event: 21.674 GC heap after
Heap after GC invocations=13 (full 2):
 PSYoungGen      total 336128K, used 21457K [0x00000000eaab0000, 0x0000000100000000, 0x0000000100000000)
  eden space 322752K, 6% used [0x00000000eaab0000,0x00000000ebfa44b8,0x00000000fe5e0000)
  from space 13376K, 0% used [0x00000000fe5e0000,0x00000000fe5e0000,0x00000000ff2f0000)
  to   space 13376K, 0% used [0x00000000ff2f0000,0x00000000ff2f0000,0x0000000100000000)
 ParOldGen       total 90688K, used 48315K [0x00000000c0000000, 0x00000000c5890000, 0x00000000eaab0000)
  object space 90688K, 53% used [0x00000000c0000000,0x00000000c2f2efc0,0x00000000c5890000)
 PSPermGen       total 106880K, used 54942K [0x00000000b0000000, 0x00000000b6860000, 0x00000000c0000000)
  object space 106880K, 51% used [0x00000000b0000000,0x00000000b35a7900,0x00000000b6860000)
}

